[debug] [2024-01-17T21:47:32.869Z] ----------------------------------------------------------------------
[debug] [2024-01-17T21:47:32.872Z] Command:       C:\Program Files\nodejs\node.exe C:\Users\sg022\AppData\Roaming\npm\node_modules\firebase-tools\lib\bin\firebase.js deploy
[debug] [2024-01-17T21:47:32.872Z] CLI Version:   13.0.2
[debug] [2024-01-17T21:47:32.872Z] Platform:      win32
[debug] [2024-01-17T21:47:32.872Z] Node Version:  v21.1.0
[debug] [2024-01-17T21:47:32.873Z] Time:          Thu Jan 18 2024 03:17:32 GMT+0530 (India Standard Time)
[debug] [2024-01-17T21:47:32.873Z] ----------------------------------------------------------------------
[debug] 
[debug] [2024-01-17T21:47:32.876Z] >>> [apiv2][query] GET https://firebase-public.firebaseio.com/cli.json [none]
[debug] [2024-01-17T21:47:33.002Z] > command requires scopes: ["email","openid","https://www.googleapis.com/auth/cloudplatformprojects.readonly","https://www.googleapis.com/auth/firebase","https://www.googleapis.com/auth/cloud-platform"]
[debug] [2024-01-17T21:47:33.003Z] > authorizing via signed-in user (sandip02295@gmail.com)
[debug] [2024-01-17T21:47:33.003Z] [iam] checking project dev-strangedip for permissions ["firebase.projects.get","firebasehosting.sites.update"]
[debug] [2024-01-17T21:47:33.004Z] > refreshing access token with scopes: []
[debug] [2024-01-17T21:47:33.005Z] >>> [apiv2][query] POST https://www.googleapis.com/oauth2/v3/token [none]
[debug] [2024-01-17T21:47:33.005Z] >>> [apiv2][body] POST https://www.googleapis.com/oauth2/v3/token [omitted]
[debug] [2024-01-17T21:47:33.206Z] <<< [apiv2][status] POST https://www.googleapis.com/oauth2/v3/token 200
[debug] [2024-01-17T21:47:33.206Z] <<< [apiv2][body] POST https://www.googleapis.com/oauth2/v3/token [omitted]
[debug] [2024-01-17T21:47:33.213Z] >>> [apiv2][query] POST https://cloudresourcemanager.googleapis.com/v1/projects/dev-strangedip:testIamPermissions [none]
[debug] [2024-01-17T21:47:33.213Z] >>> [apiv2][(partial)header] POST https://cloudresourcemanager.googleapis.com/v1/projects/dev-strangedip:testIamPermissions x-goog-quota-user=projects/dev-strangedip
[debug] [2024-01-17T21:47:33.214Z] >>> [apiv2][body] POST https://cloudresourcemanager.googleapis.com/v1/projects/dev-strangedip:testIamPermissions {"permissions":["firebase.projects.get","firebasehosting.sites.update"]}
[debug] [2024-01-17T21:47:33.587Z] <<< [apiv2][status] GET https://firebase-public.firebaseio.com/cli.json 200
[debug] [2024-01-17T21:47:33.587Z] <<< [apiv2][body] GET https://firebase-public.firebaseio.com/cli.json {"cloudBuildErrorAfter":1594252800000,"cloudBuildWarnAfter":1590019200000,"defaultNode10After":1594252800000,"minVersion":"3.0.5","node8DeploysDisabledAfter":1613390400000,"node8RuntimeDisabledAfter":1615809600000,"node8WarnAfter":1600128000000}
[debug] [2024-01-17T21:47:34.676Z] <<< [apiv2][status] POST https://cloudresourcemanager.googleapis.com/v1/projects/dev-strangedip:testIamPermissions 200
[debug] [2024-01-17T21:47:34.676Z] <<< [apiv2][body] POST https://cloudresourcemanager.googleapis.com/v1/projects/dev-strangedip:testIamPermissions {"permissions":["firebase.projects.get","firebasehosting.sites.update"]}
[debug] [2024-01-17T21:47:34.676Z] >>> [apiv2][query] GET https://firebase.googleapis.com/v1beta1/projects/dev-strangedip [none]
[debug] [2024-01-17T21:47:35.342Z] <<< [apiv2][status] GET https://firebase.googleapis.com/v1beta1/projects/dev-strangedip 200
[debug] [2024-01-17T21:47:35.343Z] <<< [apiv2][body] GET https://firebase.googleapis.com/v1beta1/projects/dev-strangedip {"projectId":"dev-strangedip","projectNumber":"462114769352","displayName":"dev-strangedip","name":"projects/dev-strangedip","resources":{"hostingSite":"dev-strangedip"},"state":"ACTIVE","etag":"1_ab1f4b71-b69d-4759-9401-a7465fe34a70"}
[info] 
[info] === Deploying to 'dev-strangedip'...
[info] 
[info] i  deploying hosting 
[debug] [2024-01-17T21:47:35.350Z] >>> [apiv2][query] POST https://firebasehosting.googleapis.com/v1beta1/projects/-/sites/dev-strangedip/versions [none]
[debug] [2024-01-17T21:47:35.350Z] >>> [apiv2][body] POST https://firebasehosting.googleapis.com/v1beta1/projects/-/sites/dev-strangedip/versions {"status":"CREATED","labels":{"deployment-tool":"cli-firebase"}}
[debug] [2024-01-17T21:47:36.650Z] <<< [apiv2][status] POST https://firebasehosting.googleapis.com/v1beta1/projects/-/sites/dev-strangedip/versions 200
[debug] [2024-01-17T21:47:36.651Z] <<< [apiv2][body] POST https://firebasehosting.googleapis.com/v1beta1/projects/-/sites/dev-strangedip/versions {"name":"projects/462114769352/sites/dev-strangedip/versions/a40bd2e64e1cbb3a","status":"CREATED","config":{},"labels":{"deployment-tool":"cli-firebase"}}
[info] i  hosting[dev-strangedip]: beginning deploy... 
[info] i  hosting[dev-strangedip]: found 29 files in dist 
[debug] [2024-01-17T21:47:36.664Z] [hosting] uploading with 200 concurrency
[debug] [2024-01-17T21:47:36.685Z] [hosting] hash cache [ZGlzdA] stored for 29 files
[debug] [2024-01-17T21:47:36.686Z] [hosting][hash queue][FINAL] {"max":15,"min":0,"avg":1.793103448275862,"active":0,"complete":29,"success":29,"errored":0,"retried":0,"total":29,"elapsed":19}
[debug] [2024-01-17T21:47:36.686Z] >>> [apiv2][query] POST https://firebasehosting.googleapis.com/v1beta1/projects/462114769352/sites/dev-strangedip/versions/a40bd2e64e1cbb3a:populateFiles [none]
[debug] [2024-01-17T21:47:36.686Z] >>> [apiv2][body] POST https://firebasehosting.googleapis.com/v1beta1/projects/462114769352/sites/dev-strangedip/versions/a40bd2e64e1cbb3a:populateFiles {"files":{"/favicon.ico":"8992b9f85e09bf81e4f3bfc30f3b6bc835ebf59313cdabded84c14ec4fa705c8","/assets/img/colormage.png":"2b36cb6114b0e28888dd705447f3a7991a00897d26ff35b47e742c0639400efa\r","/assets/img/portfolio.png":"131373bbcd67f794936d2ce3ec32dc3af0eb0950ce7cc56537f9061e812c575a\r","/assets/img/prj.jpeg":"f0a7ab4565ba7ce6ddfbc49c4c402f34ee78931ebf1105eed7506f49d38a5475\r","/assets/png-icons/angular.png":"9d15e54d822e4df8fa91ef8e27da75825c0bbabe0a1c9920c6871bc395462483\r","/assets/png-icons/bitbucket.png":"7453b4766607f14524a9fcec9dda73d09630b33a53aca4288e304d07fb9d4d62\r","/assets/png-icons/c-.png":"335db013897131af29f08db1fe090c21a3786452d8b97df2b29ddcd0d7025b3d\r","/assets/png-icons/canva.png":"7c87dd5ace834085a7da8ce4783d8034cc3e046769a7d8362591e733e01282fd\r","/assets/png-icons/css-3.png":"2df2b1241ff7377e6b692711d24e9c7593479c70c5bb16f0437bd5d8d6bc1c72\r","/assets/png-icons/firebase.png":"1620db3079fb3b58cbc87f8f28d0cc657d280ebd596c215be849a1d6abdf85bd\r","/assets/png-icons/github.png":"aedc2cf099ccd9ffb7ab5f563d9e123bf33fab41dd9892490dc334af30b45eb0\r","/assets/png-icons/html-5.png":"64e5ea45de7dffcc7b10ef917291411c6e18146fede751e7b417013e139f088a\r","/assets/png-icons/intellij.png":"1af55f532b9bff2a1781405d58a3fe81aa24dc531e96ce9a549c730dca9f1a9f\r","/assets/png-icons/java.png":"f88fe11d93f87155917384210066a6a0f4c655cd82d889fc44a3a90e7c8a5955\r","/assets/png-icons/js.png":"cd729c7abb607dbe32b0bbe1ddb94d656e70bcf1de070eb5baba29804b7b4284\r","/assets/png-icons/mysql.png":"2adbce6d2f150ebb2f0161ad0c68ffef04e763a4008b304225337539027281e2\r","/assets/png-icons/photoshop.png":"a672cc0d1218f24eb8d991a3f9dcb53d36079bc968c92b52fe8349ebcd3f001c\r","/assets/png-icons/postgre.png":"0e7cfb1c03cc625adb50878d72de9cc5c11765c676bdd250d33626d871e1a9bd\r","/assets/png-icons/python.png":"57b5177ee82b482c130c007a0c97c7add8c819cda168ed679ab685c66e694fa7\r","/assets/png-icons/springboot.png":"06276c2d8eb543b7dde73c09910d6d8776c0bf3fcb365ed21addd61b2463c72c\r","/assets/png-icons/sql-server.png":"b5e98cfae9510a8c236c71e6483fd098bf256cf16f9bf27a30df4289de092d62\r","/assets/png-icons/typescript.png":"63d8878e10288272de3fa74a58051d0b5dad745304e304489e887b560afc4528\r","/assets/png-icons/vscode.png":"103b5da0a560f9a5176e43be1657f84f727587b05272b315d42dbb875e65186c\r","/index.html":"a8460953f977b57cc03b4cf86bb6eb1642a6504b59c62bcde9963625cefb5422","/runtime.aa0d726dbf48c9b4.js":"ba96ef98c80eb7f660c282dd87b423666a0366c36b8aea13542a6ac35d3c64df","/3rdpartylicenses.txt":"32f92de92d7ab9978da0f91bb9ccafe5ef5592c516e36c1d6b6f8a56c7e6ee3c","/styles.96b487575b14295c.css":"becf90d5c9b571bf55b799a51763e5b142a7fc161a52522482a87e3d578e808d","/polyfills.fbefc89837171455.js":"1d957cd024430e7ced23cb2591ed5aef7f372589d82992aa18d92bd47b9aaf9d","/main.a6f9b2eec6b29573.js":"701cbd63c805ffefb75591e38c479871707c0158deb48d0969e319adb6e91f05"}}
[debug] [2024-01-17T21:47:37.307Z] <<< [apiv2][status] POST https://firebasehosting.googleapis.com/v1beta1/projects/462114769352/sites/dev-strangedip/versions/a40bd2e64e1cbb3a:populateFiles 200
[debug] [2024-01-17T21:47:37.307Z] <<< [apiv2][body] POST https://firebasehosting.googleapis.com/v1beta1/projects/462114769352/sites/dev-strangedip/versions/a40bd2e64e1cbb3a:populateFiles {"uploadRequiredHashes":["a8460953f977b57cc03b4cf86bb6eb1642a6504b59c62bcde9963625cefb5422","701cbd63c805ffefb75591e38c479871707c0158deb48d0969e319adb6e91f05"],"uploadUrl":"https://upload-firebasehosting.googleapis.com/upload/sites/dev-strangedip/versions/a40bd2e64e1cbb3a/files"}
[debug] [2024-01-17T21:47:37.308Z] >>> [apiv2][query] POST https://upload-firebasehosting.googleapis.com/upload/sites/dev-strangedip/versions/a40bd2e64e1cbb3a/files/a8460953f977b57cc03b4cf86bb6eb1642a6504b59c62bcde9963625cefb5422 [none]
[debug] [2024-01-17T21:47:37.308Z] >>> [apiv2][body] POST https://upload-firebasehosting.googleapis.com/upload/sites/dev-strangedip/versions/a40bd2e64e1cbb3a/files/a8460953f977b57cc03b4cf86bb6eb1642a6504b59c62bcde9963625cefb5422 [stream]
[debug] [2024-01-17T21:47:37.309Z] >>> [apiv2][query] POST https://upload-firebasehosting.googleapis.com/upload/sites/dev-strangedip/versions/a40bd2e64e1cbb3a/files/701cbd63c805ffefb75591e38c479871707c0158deb48d0969e319adb6e91f05 [none]
[debug] [2024-01-17T21:47:37.309Z] >>> [apiv2][body] POST https://upload-firebasehosting.googleapis.com/upload/sites/dev-strangedip/versions/a40bd2e64e1cbb3a/files/701cbd63c805ffefb75591e38c479871707c0158deb48d0969e319adb6e91f05 [stream]
[debug] [2024-01-17T21:47:37.310Z] [hosting][populate queue][FINAL] {"max":624,"min":624,"avg":624,"active":0,"complete":1,"success":1,"errored":0,"retried":0,"total":1,"elapsed":626}
[debug] [2024-01-17T21:47:37.310Z] [hosting] uploads queued: 2
